This file contains any messages produced by compilers while
running configure, to aid debugging if configure makes a mistake.

It was created by configure, which was
generated by GNU Autoconf 2.69.  Invocation command line was

  $ ./configure 

## --------- ##
## Platform. ##
## --------- ##

hostname = 7MBP.local
uname -m = x86_64
uname -r = 17.3.0
uname -s = Darwin
uname -v = Darwin Kernel Version 17.3.0: Thu Nov  9 18:09:22 PST 2017; root:xnu-4570.31.3~1/RELEASE_X86_64

/usr/bin/uname -p = i386
/bin/uname -X     = unknown

/bin/arch              = unknown
/usr/bin/arch -k       = unknown
/usr/convex/getsysinfo = unknown
/usr/bin/hostinfo      = Mach kernel version:
	 Darwin Kernel Version 17.3.0: Thu Nov  9 18:09:22 PST 2017; root:xnu-4570.31.3~1/RELEASE_X86_64
Kernel configured for up to 4 processors.
2 processors are physically available.
4 processors are logically available.
Processor type: i486 (Intel 80486)
Processors active: 0 1 2 3
Primary memory available: 8.00 gigabytes
Default processor set: 413 tasks, 2029 threads, 4 processors
Load average: 2.56, Mach factor: 1.57
/bin/machine           = unknown
/usr/bin/oslevel       = unknown
/bin/universe          = unknown

PATH: /Users/seven/.rvm/gems/ruby-2.3.0/bin
PATH: /Users/seven/.rvm/gems/ruby-2.3.0@global/bin
PATH: /Users/seven/.rvm/rubies/ruby-2.3.0/bin
PATH: /usr/local/sbin
PATH: /usr/local/bin
PATH: /usr/bin
PATH: /bin
PATH: /usr/sbin
PATH: /sbin
PATH: /opt/X11/bin
PATH: /usr/local/go/bin
PATH: /Users/seven/.oh-my-zsh/custom/plugins/nali
PATH: /bin
PATH: /Users/seven/.go//bin
PATH: /Users/seven/.rvm/bin
PATH: /Users/seven/Library/Android/sdk/ndk-bundle


## ----------- ##
## Core tests. ##
## ----------- ##

configure:2492: checking build system type
configure:2506: result: x86_64-apple-darwin17.3.0
configure:2526: checking host system type
configure:2539: result: x86_64-apple-darwin17.3.0
configure:2672: checking for gcc
configure:2688: found /usr/bin/gcc
configure:2699: result: gcc
configure:2928: checking for C compiler version
configure:2937: gcc --version >&5
Apple LLVM version 9.0.0 (clang-900.0.39.2)
Target: x86_64-apple-darwin17.3.0
Thread model: posix
InstalledDir: /Applications/Xcode.app/Contents/Developer/Toolchains/XcodeDefault.xctoolchain/usr/bin
Configured with: --prefix=/Applications/Xcode.app/Contents/Developer/usr --with-gxx-include-dir=/Applications/Xcode.app/Contents/Developer/Platforms/MacOSX.platform/Developer/SDKs/MacOSX10.13.sdk/usr/include/c++/4.2.1
configure:2948: $? = 0
configure:2937: gcc -v >&5
Configured with: --prefix=/Applications/Xcode.app/Contents/Developer/usr --with-gxx-include-dir=/Applications/Xcode.app/Contents/Developer/Platforms/MacOSX.platform/Developer/SDKs/MacOSX10.13.sdk/usr/include/c++/4.2.1
Apple LLVM version 9.0.0 (clang-900.0.39.2)
Target: x86_64-apple-darwin17.3.0
Thread model: posix
InstalledDir: /Applications/Xcode.app/Contents/Developer/Toolchains/XcodeDefault.xctoolchain/usr/bin
configure:2948: $? = 0
configure:2937: gcc -V >&5
clang: error: argument to '-V' is missing (expected 1 value)
clang: error: no input files
configure:2948: $? = 1
configure:2937: gcc -qversion >&5
clang: error: unknown argument: '-qversion'
clang: error: no input files
configure:2948: $? = 1
configure:2968: checking whether the C compiler works
configure:2990: gcc     conftest.c  >&5
configure:2994: $? = 0
configure:3042: result: yes
configure:3045: checking for C compiler default output file name
configure:3047: result: a.out
configure:3053: checking for suffix of executables
configure:3060: gcc -o conftest     conftest.c  >&5
configure:3064: $? = 0
configure:3086: result: 
configure:3108: checking whether we are cross compiling
configure:3116: gcc -o conftest     conftest.c  >&5
configure:3120: $? = 0
configure:3127: ./conftest
configure:3131: $? = 0
configure:3146: result: no
configure:3151: checking for suffix of object files
configure:3173: gcc -c    conftest.c >&5
configure:3177: $? = 0
configure:3198: result: o
configure:3202: checking whether we are using the GNU C compiler
configure:3221: gcc -c    conftest.c >&5
configure:3221: $? = 0
configure:3230: result: yes
configure:3239: checking whether gcc accepts -g
configure:3259: gcc -c -g  conftest.c >&5
configure:3259: $? = 0
configure:3300: result: yes
configure:3317: checking for gcc option to accept ISO C89
configure:3380: gcc  -c    conftest.c >&5
configure:3380: $? = 0
configure:3393: result: none needed
configure:3418: checking how to run the C preprocessor
configure:3449: gcc -E  conftest.c
configure:3449: $? = 0
configure:3463: gcc -E  conftest.c
conftest.c:14:10: fatal error: 'ac_nonexistent.h' file not found
#include <ac_nonexistent.h>
         ^~~~~~~~~~~~~~~~~~
1 error generated.
configure:3463: $? = 1
configure: failed program was:
| /* confdefs.h */
| #define PACKAGE_NAME ""
| #define PACKAGE_TARNAME ""
| #define PACKAGE_VERSION ""
| #define PACKAGE_STRING ""
| #define PACKAGE_BUGREPORT ""
| #define PACKAGE_URL ""
| #define VERSION_MAJOR 3
| #define VERSION_MINOR 0
| #define VERSION_POINT 26
| #define VERSION "3.0.26"
| #define CODE_STATUS "stable"
| /* end confdefs.h.  */
| #include <ac_nonexistent.h>
configure:3488: result: gcc -E
configure:3508: gcc -E  conftest.c
configure:3508: $? = 0
configure:3522: gcc -E  conftest.c
conftest.c:14:10: fatal error: 'ac_nonexistent.h' file not found
#include <ac_nonexistent.h>
         ^~~~~~~~~~~~~~~~~~
1 error generated.
configure:3522: $? = 1
configure: failed program was:
| /* confdefs.h */
| #define PACKAGE_NAME ""
| #define PACKAGE_TARNAME ""
| #define PACKAGE_VERSION ""
| #define PACKAGE_STRING ""
| #define PACKAGE_BUGREPORT ""
| #define PACKAGE_URL ""
| #define VERSION_MAJOR 3
| #define VERSION_MINOR 0
| #define VERSION_POINT 26
| #define VERSION "3.0.26"
| #define CODE_STATUS "stable"
| /* end confdefs.h.  */
| #include <ac_nonexistent.h>
configure:3564: checking for a BSD-compatible install
configure:3632: result: /usr/local/bin/ginstall -c
configure:3643: checking whether ln -s works
configure:3647: result: yes
configure:3654: checking whether make sets $(MAKE)
configure:3676: result: yes
configure:3689: checking for gawk
configure:3719: result: no
configure:3689: checking for mawk
configure:3719: result: no
configure:3689: checking for nawk
configure:3719: result: no
configure:3689: checking for awk
configure:3705: found /usr/bin/awk
configure:3716: result: awk
configure:3730: checking for gdb
configure:3746: found /usr/local/bin/gdb
configure:3758: result: yes
configure:3768: checking for groups
configure:3787: found /usr/bin/groups
configure:3800: result: /usr/bin/groups
configure:3810: checking for id
configure:3829: found /usr/bin/id
configure:3842: result: /usr/bin/id
configure:3894: WARNING: There is no user 'privoxy' on this system
configure:3897: checking for user
configure:3925: result: none specified
configure:3935: checking for group
configure:3971: result: none specified
configure:4155: checking for rpm
configure:4185: result: no
configure:4206: checking for jade
configure:4222: found /usr/local/bin/jade
configure:4233: result: jade
configure:4251: checking for man2html
configure:4281: result: no
configure:4359: checking for grep that handles long lines and -e
configure:4417: result: /usr/bin/grep
configure:4422: checking for egrep
configure:4484: result: /usr/bin/grep -E
configure:4489: checking for ANSI C header files
configure:4509: gcc -c -pipe -O2   conftest.c 1>&5
configure:4509: $? = 0
configure:4582: gcc -o conftest -pipe -O2    conftest.c  1>&5
configure:4582: $? = 0
configure:4582: ./conftest
configure:4582: $? = 0
configure:4593: result: yes
configure:4606: checking for sys/types.h
configure:4606: gcc -c -pipe -O2   conftest.c 1>&5
configure:4606: $? = 0
configure:4606: result: yes
configure:4606: checking for sys/stat.h
configure:4606: gcc -c -pipe -O2   conftest.c 1>&5
configure:4606: $? = 0
configure:4606: result: yes
configure:4606: checking for stdlib.h
configure:4606: gcc -c -pipe -O2   conftest.c 1>&5
configure:4606: $? = 0
configure:4606: result: yes
configure:4606: checking for string.h
configure:4606: gcc -c -pipe -O2   conftest.c 1>&5
configure:4606: $? = 0
configure:4606: result: yes
configure:4606: checking for memory.h
configure:4606: gcc -c -pipe -O2   conftest.c 1>&5
configure:4606: $? = 0
configure:4606: result: yes
configure:4606: checking for strings.h
configure:4606: gcc -c -pipe -O2   conftest.c 1>&5
configure:4606: $? = 0
configure:4606: result: yes
configure:4606: checking for inttypes.h
configure:4606: gcc -c -pipe -O2   conftest.c 1>&5
configure:4606: $? = 0
configure:4606: result: yes
configure:4606: checking for stdint.h
configure:4606: gcc -c -pipe -O2   conftest.c 1>&5
configure:4606: $? = 0
configure:4606: result: yes
configure:4606: checking for unistd.h
configure:4606: gcc -c -pipe -O2   conftest.c 1>&5
configure:4606: $? = 0
configure:4606: result: yes
configure:4618: checking pthread.h usability
configure:4618: gcc -c -pipe -O2   conftest.c 1>&5
configure:4618: $? = 0
configure:4618: result: yes
configure:4618: checking pthread.h presence
configure:4618: gcc -E   conftest.c
configure:4618: $? = 0
configure:4618: result: yes
configure:4618: checking for pthread.h
configure:4618: result: yes
configure:4663: gcc -o conftest -pipe -O2  -pthread   conftest.c  1>&5
configure:4663: $? = 0
configure:4705: checking for gethostbyname in -lnsl
configure:4730: gcc -o conftest -pipe -O2    conftest.c -lnsl   1>&5
ld: library not found for -lnsl
clang: error: linker command failed with exit code 1 (use -v to see invocation)
configure:4730: $? = 1
configure: failed program was:
| /* confdefs.h */
| #define PACKAGE_NAME ""
| #define PACKAGE_TARNAME ""
| #define PACKAGE_VERSION ""
| #define PACKAGE_STRING ""
| #define PACKAGE_BUGREPORT ""
| #define PACKAGE_URL ""
| #define VERSION_MAJOR 3
| #define VERSION_MINOR 0
| #define VERSION_POINT 26
| #define VERSION "3.0.26"
| #define CODE_STATUS "stable"
| #define STDC_HEADERS 1
| #define HAVE_SYS_TYPES_H 1
| #define HAVE_SYS_STAT_H 1
| #define HAVE_STDLIB_H 1
| #define HAVE_STRING_H 1
| #define HAVE_MEMORY_H 1
| #define HAVE_STRINGS_H 1
| #define HAVE_INTTYPES_H 1
| #define HAVE_STDINT_H 1
| #define HAVE_UNISTD_H 1
| #define FEATURE_PTHREAD 1
| /* end confdefs.h.  */
| 
| /* Override any GCC internal prototype to avoid an error.
|    Use char because int might match the return type of a GCC
|    builtin and then its argument prototype would still apply.  */
| #ifdef __cplusplus
| extern "C"
| #endif
| char gethostbyname ();
| int
| main ()
| {
| return gethostbyname ();
|   ;
|   return 0;
| }
configure:4739: result: no
configure:4751: checking for gethostbyaddr_r
configure:4751: gcc -o conftest -pipe -O2    conftest.c  1>&5
Undefined symbols for architecture x86_64:
  "_gethostbyaddr_r", referenced from:
      _main in conftest-731b69.o
ld: symbol(s) not found for architecture x86_64
clang: error: linker command failed with exit code 1 (use -v to see invocation)
configure:4751: $? = 1
configure: failed program was:
| /* confdefs.h */
| #define PACKAGE_NAME ""
| #define PACKAGE_TARNAME ""
| #define PACKAGE_VERSION ""
| #define PACKAGE_STRING ""
| #define PACKAGE_BUGREPORT ""
| #define PACKAGE_URL ""
| #define VERSION_MAJOR 3
| #define VERSION_MINOR 0
| #define VERSION_POINT 26
| #define VERSION "3.0.26"
| #define CODE_STATUS "stable"
| #define STDC_HEADERS 1
| #define HAVE_SYS_TYPES_H 1
| #define HAVE_SYS_STAT_H 1
| #define HAVE_STDLIB_H 1
| #define HAVE_STRING_H 1
| #define HAVE_MEMORY_H 1
| #define HAVE_STRINGS_H 1
| #define HAVE_INTTYPES_H 1
| #define HAVE_STDINT_H 1
| #define HAVE_UNISTD_H 1
| #define FEATURE_PTHREAD 1
| /* end confdefs.h.  */
| /* Define gethostbyaddr_r to an innocuous variant, in case <limits.h> declares gethostbyaddr_r.
|    For example, HP-UX 11i <limits.h> declares gettimeofday.  */
| #define gethostbyaddr_r innocuous_gethostbyaddr_r
| 
| /* System header to define __stub macros and hopefully few prototypes,
|     which can conflict with char gethostbyaddr_r (); below.
|     Prefer <limits.h> to <assert.h> if __STDC__ is defined, since
|     <limits.h> exists even on freestanding compilers.  */
| 
| #ifdef __STDC__
| # include <limits.h>
| #else
| # include <assert.h>
| #endif
| 
| #undef gethostbyaddr_r
| 
| /* Override any GCC internal prototype to avoid an error.
|    Use char because int might match the return type of a GCC
|    builtin and then its argument prototype would still apply.  */
| #ifdef __cplusplus
| extern "C"
| #endif
| char gethostbyaddr_r ();
| /* The GNU C library defines this for functions which it implements
|     to always fail with ENOSYS.  Some functions are actually named
|     something starting with __ and the normal name is an alias.  */
| #if defined __stub_gethostbyaddr_r || defined __stub___gethostbyaddr_r
| choke me
| #endif
| 
| int
| main ()
| {
| return gethostbyaddr_r ();
|   ;
|   return 0;
| }
configure:4751: result: no
configure:4852: result: no
configure:4858: checking for gethostbyname_r
configure:4858: gcc -o conftest -pipe -O2    conftest.c  1>&5
Undefined symbols for architecture x86_64:
  "_gethostbyname_r", referenced from:
      _main in conftest-ded723.o
ld: symbol(s) not found for architecture x86_64
clang: error: linker command failed with exit code 1 (use -v to see invocation)
configure:4858: $? = 1
configure: failed program was:
| /* confdefs.h */
| #define PACKAGE_NAME ""
| #define PACKAGE_TARNAME ""
| #define PACKAGE_VERSION ""
| #define PACKAGE_STRING ""
| #define PACKAGE_BUGREPORT ""
| #define PACKAGE_URL ""
| #define VERSION_MAJOR 3
| #define VERSION_MINOR 0
| #define VERSION_POINT 26
| #define VERSION "3.0.26"
| #define CODE_STATUS "stable"
| #define STDC_HEADERS 1
| #define HAVE_SYS_TYPES_H 1
| #define HAVE_SYS_STAT_H 1
| #define HAVE_STDLIB_H 1
| #define HAVE_STRING_H 1
| #define HAVE_MEMORY_H 1
| #define HAVE_STRINGS_H 1
| #define HAVE_INTTYPES_H 1
| #define HAVE_STDINT_H 1
| #define HAVE_UNISTD_H 1
| #define FEATURE_PTHREAD 1
| /* end confdefs.h.  */
| /* Define gethostbyname_r to an innocuous variant, in case <limits.h> declares gethostbyname_r.
|    For example, HP-UX 11i <limits.h> declares gettimeofday.  */
| #define gethostbyname_r innocuous_gethostbyname_r
| 
| /* System header to define __stub macros and hopefully few prototypes,
|     which can conflict with char gethostbyname_r (); below.
|     Prefer <limits.h> to <assert.h> if __STDC__ is defined, since
|     <limits.h> exists even on freestanding compilers.  */
| 
| #ifdef __STDC__
| # include <limits.h>
| #else
| # include <assert.h>
| #endif
| 
| #undef gethostbyname_r
| 
| /* Override any GCC internal prototype to avoid an error.
|    Use char because int might match the return type of a GCC
|    builtin and then its argument prototype would still apply.  */
| #ifdef __cplusplus
| extern "C"
| #endif
| char gethostbyname_r ();
| /* The GNU C library defines this for functions which it implements
|     to always fail with ENOSYS.  Some functions are actually named
|     something starting with __ and the normal name is an alias.  */
| #if defined __stub_gethostbyname_r || defined __stub___gethostbyname_r
| choke me
| #endif
| 
| int
| main ()
| {
| return gethostbyname_r ();
|   ;
|   return 0;
| }
configure:4858: result: no
configure:4958: result: no
configure:4964: checking for gmtime_r
configure:4964: gcc -o conftest -pipe -O2    conftest.c  1>&5
configure:4964: $? = 0
configure:4964: result: yes
configure:4967: checking signature of gmtime_r
configure:4986: gcc -c -pipe -O2   conftest.c 1>&5
conftest.c:34:21: warning: incompatible pointer types passing 'struct time *' to parameter of type 'const time_t *' (aka 'const long *') [-Wincompatible-pointer-types]
    (void) gmtime_r(t, tm)
                    ^
/Applications/Xcode.app/Contents/Developer/Platforms/MacOSX.platform/Developer/SDKs/MacOSX10.13.sdk/usr/include/time.h:126:46: note: passing argument to parameter here
struct tm *gmtime_r(const time_t * __restrict, struct tm * __restrict);
                                             ^
1 warning generated.
configure:4986: $? = 0
configure:4988: result: ok
configure:5009: checking for localtime_r
configure:5009: gcc -o conftest -pipe -O2    conftest.c  1>&5
configure:5009: $? = 0
configure:5009: result: yes
configure:5012: checking signature of localtime_r
configure:5031: gcc -c -pipe -O2   conftest.c 1>&5
conftest.c:35:24: warning: incompatible pointer types passing 'struct time *' to parameter of type 'const time_t *' (aka 'const long *') [-Wincompatible-pointer-types]
    (void) localtime_r(t, tm)
                       ^
/Applications/Xcode.app/Contents/Developer/Platforms/MacOSX.platform/Developer/SDKs/MacOSX10.13.sdk/usr/include/time.h:127:49: note: passing argument to parameter here
struct tm *localtime_r(const time_t * __restrict, struct tm * __restrict);
                                                ^
1 warning generated.
configure:5031: $? = 0
configure:5033: result: ok
configure:5077: checking for socklen_t
configure:5086: result: yes
configure:5149: checking for ANSI C header files
configure:5253: result: yes
configure:5264: checking for dirent.h that defines DIR
configure:5283: gcc -c -pipe -O2   conftest.c 1>&5
configure:5283: $? = 0
configure:5291: result: yes
configure:5304: checking for library containing opendir
configure:5335: gcc -o conftest -pipe -O2    conftest.c  1>&5
configure:5335: $? = 0
configure:5352: result: none required
configure:5419: checking for an ANSI C-conforming const
configure:5485: gcc -c -pipe -O2   conftest.c 1>&5
configure:5485: $? = 0
configure:5492: result: yes
configure:5500: checking for size_t
configure:5500: gcc -c -pipe -O2   conftest.c 1>&5
configure:5500: $? = 0
configure:5500: gcc -c -pipe -O2   conftest.c 1>&5
conftest.c:65:21: error: expected expression
if (sizeof ((size_t)))
                    ^
1 error generated.
configure:5500: $? = 1
configure: failed program was:
| /* confdefs.h */
| #define PACKAGE_NAME ""
| #define PACKAGE_TARNAME ""
| #define PACKAGE_VERSION ""
| #define PACKAGE_STRING ""
| #define PACKAGE_BUGREPORT ""
| #define PACKAGE_URL ""
| #define VERSION_MAJOR 3
| #define VERSION_MINOR 0
| #define VERSION_POINT 26
| #define VERSION "3.0.26"
| #define CODE_STATUS "stable"
| #define STDC_HEADERS 1
| #define HAVE_SYS_TYPES_H 1
| #define HAVE_SYS_STAT_H 1
| #define HAVE_STDLIB_H 1
| #define HAVE_STRING_H 1
| #define HAVE_MEMORY_H 1
| #define HAVE_STRINGS_H 1
| #define HAVE_INTTYPES_H 1
| #define HAVE_STDINT_H 1
| #define HAVE_UNISTD_H 1
| #define FEATURE_PTHREAD 1
| #define HAVE_GMTIME_R 1
| #define HAVE_LOCALTIME_R 1
| #define STDC_HEADERS 1
| #define HAVE_DIRENT_H 1
| /* end confdefs.h.  */
| #include <stdio.h>
| #ifdef HAVE_SYS_TYPES_H
| # include <sys/types.h>
| #endif
| #ifdef HAVE_SYS_STAT_H
| # include <sys/stat.h>
| #endif
| #ifdef STDC_HEADERS
| # include <stdlib.h>
| # include <stddef.h>
| #else
| # ifdef HAVE_STDLIB_H
| #  include <stdlib.h>
| # endif
| #endif
| #ifdef HAVE_STRING_H
| # if !defined STDC_HEADERS && defined HAVE_MEMORY_H
| #  include <memory.h>
| # endif
| # include <string.h>
| #endif
| #ifdef HAVE_STRINGS_H
| # include <strings.h>
| #endif
| #ifdef HAVE_INTTYPES_H
| # include <inttypes.h>
| #endif
| #ifdef HAVE_STDINT_H
| # include <stdint.h>
| #endif
| #ifdef HAVE_UNISTD_H
| # include <unistd.h>
| #endif
| int
| main ()
| {
| if (sizeof ((size_t)))
| 	    return 0;
|   ;
|   return 0;
| }
configure:5500: result: yes
configure:5511: checking for pid_t
configure:5511: gcc -c -pipe -O2   conftest.c 1>&5
configure:5511: $? = 0
configure:5511: gcc -c -pipe -O2   conftest.c 1>&5
conftest.c:65:20: error: expected expression
if (sizeof ((pid_t)))
                   ^
1 error generated.
configure:5511: $? = 1
configure: failed program was:
| /* confdefs.h */
| #define PACKAGE_NAME ""
| #define PACKAGE_TARNAME ""
| #define PACKAGE_VERSION ""
| #define PACKAGE_STRING ""
| #define PACKAGE_BUGREPORT ""
| #define PACKAGE_URL ""
| #define VERSION_MAJOR 3
| #define VERSION_MINOR 0
| #define VERSION_POINT 26
| #define VERSION "3.0.26"
| #define CODE_STATUS "stable"
| #define STDC_HEADERS 1
| #define HAVE_SYS_TYPES_H 1
| #define HAVE_SYS_STAT_H 1
| #define HAVE_STDLIB_H 1
| #define HAVE_STRING_H 1
| #define HAVE_MEMORY_H 1
| #define HAVE_STRINGS_H 1
| #define HAVE_INTTYPES_H 1
| #define HAVE_STDINT_H 1
| #define HAVE_UNISTD_H 1
| #define FEATURE_PTHREAD 1
| #define HAVE_GMTIME_R 1
| #define HAVE_LOCALTIME_R 1
| #define STDC_HEADERS 1
| #define HAVE_DIRENT_H 1
| /* end confdefs.h.  */
| #include <stdio.h>
| #ifdef HAVE_SYS_TYPES_H
| # include <sys/types.h>
| #endif
| #ifdef HAVE_SYS_STAT_H
| # include <sys/stat.h>
| #endif
| #ifdef STDC_HEADERS
| # include <stdlib.h>
| # include <stddef.h>
| #else
| # ifdef HAVE_STDLIB_H
| #  include <stdlib.h>
| # endif
| #endif
| #ifdef HAVE_STRING_H
| # if !defined STDC_HEADERS && defined HAVE_MEMORY_H
| #  include <memory.h>
| # endif
| # include <string.h>
| #endif
| #ifdef HAVE_STRINGS_H
| # include <strings.h>
| #endif
| #ifdef HAVE_INTTYPES_H
| # include <inttypes.h>
| #endif
| #ifdef HAVE_STDINT_H
| # include <stdint.h>
| #endif
| #ifdef HAVE_UNISTD_H
| # include <unistd.h>
| #endif
| int
| main ()
| {
| if (sizeof ((pid_t)))
| 	    return 0;
|   ;
|   return 0;
| }
configure:5511: result: yes
configure:5522: checking whether time.h and sys/time.h may both be included
configure:5542: gcc -c -pipe -O2   conftest.c 1>&5
configure:5542: $? = 0
configure:5549: result: yes
configure:5557: checking whether struct tm is in sys/time.h or time.h
configure:5577: gcc -c -pipe -O2   conftest.c 1>&5
configure:5577: $? = 0
configure:5584: result: time.h
configure:5596: checking size of int
configure:5601: gcc -o conftest -pipe -O2    conftest.c  1>&5
configure:5601: $? = 0
configure:5601: ./conftest
configure:5601: $? = 0
configure:5615: result: 4
configure:5629: checking size of char *
configure:5634: gcc -o conftest -pipe -O2    conftest.c  1>&5
configure:5634: $? = 0
configure:5634: ./conftest
configure:5634: $? = 0
configure:5648: result: 8
configure:5662: checking size of long
configure:5667: gcc -o conftest -pipe -O2    conftest.c  1>&5
configure:5667: $? = 0
configure:5667: ./conftest
configure:5667: $? = 0
configure:5681: result: 8
configure:5695: checking size of long long
configure:5700: gcc -o conftest -pipe -O2    conftest.c  1>&5
configure:5700: $? = 0
configure:5700: ./conftest
configure:5700: $? = 0
configure:5714: result: 8
configure:5728: checking size of size_t
configure:5733: gcc -o conftest -pipe -O2    conftest.c  1>&5
configure:5733: $? = 0
configure:5733: ./conftest
configure:5733: $? = 0
configure:5747: result: 8
configure:5761: checking size of time_t
configure:5766: gcc -o conftest -pipe -O2    conftest.c  1>&5
configure:5766: $? = 0
configure:5766: ./conftest
configure:5766: $? = 0
configure:5780: result: 8
configure:5812: checking OS.h usability
configure:5812: gcc -c -pipe -O2   conftest.c 1>&5
conftest.c:69:10: fatal error: 'OS.h' file not found
#include <OS.h>
         ^~~~~~
1 error generated.
configure:5812: $? = 1
configure: failed program was:
| /* confdefs.h */
| #define PACKAGE_NAME ""
| #define PACKAGE_TARNAME ""
| #define PACKAGE_VERSION ""
| #define PACKAGE_STRING ""
| #define PACKAGE_BUGREPORT ""
| #define PACKAGE_URL ""
| #define VERSION_MAJOR 3
| #define VERSION_MINOR 0
| #define VERSION_POINT 26
| #define VERSION "3.0.26"
| #define CODE_STATUS "stable"
| #define STDC_HEADERS 1
| #define HAVE_SYS_TYPES_H 1
| #define HAVE_SYS_STAT_H 1
| #define HAVE_STDLIB_H 1
| #define HAVE_STRING_H 1
| #define HAVE_MEMORY_H 1
| #define HAVE_STRINGS_H 1
| #define HAVE_INTTYPES_H 1
| #define HAVE_STDINT_H 1
| #define HAVE_UNISTD_H 1
| #define FEATURE_PTHREAD 1
| #define HAVE_GMTIME_R 1
| #define HAVE_LOCALTIME_R 1
| #define STDC_HEADERS 1
| #define HAVE_DIRENT_H 1
| #define TIME_WITH_SYS_TIME 1
| #define SIZEOF_INT 4
| #define SIZEOF_CHAR_P 8
| #define SIZEOF_LONG 8
| #define SIZEOF_LONG_LONG 8
| #define SIZEOF_SIZE_T 8
| #define SIZEOF_TIME_T 8
| /* end confdefs.h.  */
| #include <stdio.h>
| #ifdef HAVE_SYS_TYPES_H
| # include <sys/types.h>
| #endif
| #ifdef HAVE_SYS_STAT_H
| # include <sys/stat.h>
| #endif
| #ifdef STDC_HEADERS
| # include <stdlib.h>
| # include <stddef.h>
| #else
| # ifdef HAVE_STDLIB_H
| #  include <stdlib.h>
| # endif
| #endif
| #ifdef HAVE_STRING_H
| # if !defined STDC_HEADERS && defined HAVE_MEMORY_H
| #  include <memory.h>
| # endif
| # include <string.h>
| #endif
| #ifdef HAVE_STRINGS_H
| # include <strings.h>
| #endif
| #ifdef HAVE_INTTYPES_H
| # include <inttypes.h>
| #endif
| #ifdef HAVE_STDINT_H
| # include <stdint.h>
| #endif
| #ifdef HAVE_UNISTD_H
| # include <unistd.h>
| #endif
| #include <OS.h>
configure:5812: result: no
configure:5812: checking OS.h presence
configure:5812: gcc -E  -Dunix conftest.c
conftest.c:36:10: fatal error: 'OS.h' file not found
#include <OS.h>
         ^~~~~~
1 error generated.
configure:5812: $? = 1
configure: failed program was:
| /* confdefs.h */
| #define PACKAGE_NAME ""
| #define PACKAGE_TARNAME ""
| #define PACKAGE_VERSION ""
| #define PACKAGE_STRING ""
| #define PACKAGE_BUGREPORT ""
| #define PACKAGE_URL ""
| #define VERSION_MAJOR 3
| #define VERSION_MINOR 0
| #define VERSION_POINT 26
| #define VERSION "3.0.26"
| #define CODE_STATUS "stable"
| #define STDC_HEADERS 1
| #define HAVE_SYS_TYPES_H 1
| #define HAVE_SYS_STAT_H 1
| #define HAVE_STDLIB_H 1
| #define HAVE_STRING_H 1
| #define HAVE_MEMORY_H 1
| #define HAVE_STRINGS_H 1
| #define HAVE_INTTYPES_H 1
| #define HAVE_STDINT_H 1
| #define HAVE_UNISTD_H 1
| #define FEATURE_PTHREAD 1
| #define HAVE_GMTIME_R 1
| #define HAVE_LOCALTIME_R 1
| #define STDC_HEADERS 1
| #define HAVE_DIRENT_H 1
| #define TIME_WITH_SYS_TIME 1
| #define SIZEOF_INT 4
| #define SIZEOF_CHAR_P 8
| #define SIZEOF_LONG 8
| #define SIZEOF_LONG_LONG 8
| #define SIZEOF_SIZE_T 8
| #define SIZEOF_TIME_T 8
| /* end confdefs.h.  */
| #include <OS.h>
configure:5812: result: no
configure:5812: checking for OS.h
configure:5812: result: no
configure:5812: checking arpa/inet.h usability
configure:5812: gcc -c -pipe -O2   conftest.c 1>&5
configure:5812: $? = 0
configure:5812: result: yes
configure:5812: checking arpa/inet.h presence
configure:5812: gcc -E  -Dunix conftest.c
configure:5812: $? = 0
configure:5812: result: yes
configure:5812: checking for arpa/inet.h
configure:5812: result: yes
configure:5812: checking errno.h usability
configure:5812: gcc -c -pipe -O2   conftest.c 1>&5
configure:5812: $? = 0
configure:5812: result: yes
configure:5812: checking errno.h presence
configure:5812: gcc -E  -Dunix conftest.c
configure:5812: $? = 0
configure:5812: result: yes
configure:5812: checking for errno.h
configure:5812: result: yes
configure:5812: checking fcntl.h usability
configure:5812: gcc -c -pipe -O2   conftest.c 1>&5
configure:5812: $? = 0
configure:5812: result: yes
configure:5812: checking fcntl.h presence
configure:5812: gcc -E  -Dunix conftest.c
configure:5812: $? = 0
configure:5812: result: yes
configure:5812: checking for fcntl.h
configure:5812: result: yes
configure:5812: checking limits.h usability
configure:5812: gcc -c -pipe -O2   conftest.c 1>&5
configure:5812: $? = 0
configure:5812: result: yes
configure:5812: checking limits.h presence
configure:5812: gcc -E  -Dunix conftest.c
configure:5812: $? = 0
configure:5812: result: yes
configure:5812: checking for limits.h
configure:5812: result: yes
configure:5812: checking locale.h usability
configure:5812: gcc -c -pipe -O2   conftest.c 1>&5
configure:5812: $? = 0
configure:5812: result: yes
configure:5812: checking locale.h presence
configure:5812: gcc -E  -Dunix conftest.c
configure:5812: $? = 0
configure:5812: result: yes
configure:5812: checking for locale.h
configure:5812: result: yes
configure:5812: checking netdb.h usability
configure:5812: gcc -c -pipe -O2   conftest.c 1>&5
configure:5812: $? = 0
configure:5812: result: yes
configure:5812: checking netdb.h presence
configure:5812: gcc -E  -Dunix conftest.c
configure:5812: $? = 0
configure:5812: result: yes
configure:5812: checking for netdb.h
configure:5812: result: yes
configure:5812: checking netinet/in.h usability
configure:5812: gcc -c -pipe -O2   conftest.c 1>&5
configure:5812: $? = 0
configure:5812: result: yes
configure:5812: checking netinet/in.h presence
configure:5812: gcc -E  -Dunix conftest.c
configure:5812: $? = 0
configure:5812: result: yes
configure:5812: checking for netinet/in.h
configure:5812: result: yes
configure:5812: checking stddef.h usability
configure:5812: gcc -c -pipe -O2   conftest.c 1>&5
configure:5812: $? = 0
configure:5812: result: yes
configure:5812: checking stddef.h presence
configure:5812: gcc -E  -Dunix conftest.c
configure:5812: $? = 0
configure:5812: result: yes
configure:5812: checking for stddef.h
configure:5812: result: yes
configure:5812: checking for stdlib.h
configure:5812: result: yes
configure:5812: checking for string.h
configure:5812: result: yes
configure:5812: checking sys/ioctl.h usability
configure:5812: gcc -c -pipe -O2   conftest.c 1>&5
configure:5812: $? = 0
configure:5812: result: yes
configure:5812: checking sys/ioctl.h presence
configure:5812: gcc -E  -Dunix conftest.c
configure:5812: $? = 0
configure:5812: result: yes
configure:5812: checking for sys/ioctl.h
configure:5812: result: yes
configure:5812: checking sys/socket.h usability
configure:5812: gcc -c -pipe -O2   conftest.c 1>&5
configure:5812: $? = 0
configure:5812: result: yes
configure:5812: checking sys/socket.h presence
configure:5812: gcc -E  -Dunix conftest.c
configure:5812: $? = 0
configure:5812: result: yes
configure:5812: checking for sys/socket.h
configure:5812: result: yes
configure:5812: checking sys/time.h usability
configure:5812: gcc -c -pipe -O2   conftest.c 1>&5
configure:5812: $? = 0
configure:5812: result: yes
configure:5812: checking sys/time.h presence
configure:5812: gcc -E  -Dunix conftest.c
configure:5812: $? = 0
configure:5812: result: yes
configure:5812: checking for sys/time.h
configure:5812: result: yes
configure:5812: checking sys/timeb.h usability
configure:5812: gcc -c -pipe -O2   conftest.c 1>&5
configure:5812: $? = 0
configure:5812: result: yes
configure:5812: checking sys/timeb.h presence
configure:5812: gcc -E  -Dunix conftest.c
configure:5812: $? = 0
configure:5812: result: yes
configure:5812: checking for sys/timeb.h
configure:5812: result: yes
configure:5812: checking sys/wait.h usability
configure:5812: gcc -c -pipe -O2   conftest.c 1>&5
configure:5812: $? = 0
configure:5812: result: yes
configure:5812: checking sys/wait.h presence
configure:5812: gcc -E  -Dunix conftest.c
configure:5812: $? = 0
configure:5812: result: yes
configure:5812: checking for sys/wait.h
configure:5812: result: yes
configure:5812: checking for unistd.h
configure:5812: result: yes
configure:5825: checking for bcopy
configure:5825: gcc -o conftest -pipe -O2    conftest.c  1>&5
configure:5825: $? = 0
configure:5825: result: yes
configure:5835: checking whether gcc needs -traditional
conftest.c:53:10: fatal error: 'termio.h' file not found
#include <termio.h>
         ^~~~~~~~~~
1 error generated.
configure:5869: result: no
configure:5876: checking return type of signal handlers
configure:5894: gcc -c -pipe -O2   conftest.c 1>&5
conftest.c:59:8: error: indirection requires pointer operand ('void' invalid)
return *(signal (0, 0)) (0) == 1;
       ^~~~~~~~~~~~~~~~~~~~
1 error generated.
configure:5894: $? = 1
configure: failed program was:
| /* confdefs.h */
| #define PACKAGE_NAME ""
| #define PACKAGE_TARNAME ""
| #define PACKAGE_VERSION ""
| #define PACKAGE_STRING ""
| #define PACKAGE_BUGREPORT ""
| #define PACKAGE_URL ""
| #define VERSION_MAJOR 3
| #define VERSION_MINOR 0
| #define VERSION_POINT 26
| #define VERSION "3.0.26"
| #define CODE_STATUS "stable"
| #define STDC_HEADERS 1
| #define HAVE_SYS_TYPES_H 1
| #define HAVE_SYS_STAT_H 1
| #define HAVE_STDLIB_H 1
| #define HAVE_STRING_H 1
| #define HAVE_MEMORY_H 1
| #define HAVE_STRINGS_H 1
| #define HAVE_INTTYPES_H 1
| #define HAVE_STDINT_H 1
| #define HAVE_UNISTD_H 1
| #define FEATURE_PTHREAD 1
| #define HAVE_GMTIME_R 1
| #define HAVE_LOCALTIME_R 1
| #define STDC_HEADERS 1
| #define HAVE_DIRENT_H 1
| #define TIME_WITH_SYS_TIME 1
| #define SIZEOF_INT 4
| #define SIZEOF_CHAR_P 8
| #define SIZEOF_LONG 8
| #define SIZEOF_LONG_LONG 8
| #define SIZEOF_SIZE_T 8
| #define SIZEOF_TIME_T 8
| #define HAVE_ARPA_INET_H 1
| #define HAVE_ERRNO_H 1
| #define HAVE_FCNTL_H 1
| #define HAVE_LIMITS_H 1
| #define HAVE_LOCALE_H 1
| #define HAVE_NETDB_H 1
| #define HAVE_NETINET_IN_H 1
| #define HAVE_STDDEF_H 1
| #define HAVE_STDLIB_H 1
| #define HAVE_STRING_H 1
| #define HAVE_SYS_IOCTL_H 1
| #define HAVE_SYS_SOCKET_H 1
| #define HAVE_SYS_TIME_H 1
| #define HAVE_SYS_TIMEB_H 1
| #define HAVE_SYS_WAIT_H 1
| #define HAVE_UNISTD_H 1
| #define HAVE_BCOPY 1
| /* end confdefs.h.  */
| #include <sys/types.h>
| #include <signal.h>
| 
| int
| main ()
| {
| return *(signal (0, 0)) (0) == 1;
|   ;
|   return 0;
| }
configure:5901: result: void
configure:5944: checking for access
configure:5944: gcc -o conftest -pipe -O2    conftest.c  1>&5
configure:5944: $? = 0
configure:5944: result: yes
configure:5944: checking for atexit
configure:5944: gcc -o conftest -pipe -O2    conftest.c  1>&5
configure:5944: $? = 0
configure:5944: result: yes
configure:5944: checking for getcwd
configure:5944: gcc -o conftest -pipe -O2    conftest.c  1>&5
configure:5944: $? = 0
configure:5944: result: yes
configure:5944: checking for gethostbyaddr
configure:5944: gcc -o conftest -pipe -O2    conftest.c  1>&5
configure:5944: $? = 0
configure:5944: result: yes
configure:5944: checking for gethostbyaddr_r
configure:5944: result: no
configure:5944: checking for gethostbyname
configure:5944: gcc -o conftest -pipe -O2    conftest.c  1>&5
configure:5944: $? = 0
configure:5944: result: yes
configure:5944: checking for gethostbyname_r
configure:5944: result: no
configure:5944: checking for gettimeofday
configure:5944: gcc -o conftest -pipe -O2    conftest.c  1>&5
configure:5944: $? = 0
configure:5944: result: yes
configure:5944: checking for inet_ntoa
configure:5944: gcc -o conftest -pipe -O2    conftest.c  1>&5
configure:5944: $? = 0
configure:5944: result: yes
configure:5944: checking for memchr
configure:5944: gcc -o conftest -pipe -O2    conftest.c  1>&5
conftest.c:84:6: warning: incompatible redeclaration of library function 'memchr' [-Wincompatible-library-redeclaration]
char memchr ();
     ^
conftest.c:84:6: note: 'memchr' is a builtin with type 'void *(const void *, int, unsigned long)'
1 warning generated.
configure:5944: $? = 0
configure:5944: result: yes
configure:5944: checking for memmove
configure:5944: gcc -o conftest -pipe -O2    conftest.c  1>&5
conftest.c:85:6: warning: incompatible redeclaration of library function 'memmove' [-Wincompatible-library-redeclaration]
char memmove ();
     ^
conftest.c:85:6: note: 'memmove' is a builtin with type 'void *(void *, const void *, unsigned long)'
1 warning generated.
configure:5944: $? = 0
configure:5944: result: yes
configure:5944: checking for memset
configure:5944: gcc -o conftest -pipe -O2    conftest.c  1>&5
conftest.c:86:6: warning: incompatible redeclaration of library function 'memset' [-Wincompatible-library-redeclaration]
char memset ();
     ^
conftest.c:86:6: note: 'memset' is a builtin with type 'void *(void *, int, unsigned long)'
1 warning generated.
configure:5944: $? = 0
configure:5944: result: yes
configure:5944: checking for poll
configure:5944: gcc -o conftest -pipe -O2    conftest.c  1>&5
configure:5944: $? = 0
configure:5944: result: yes
configure:5944: checking for putenv
configure:5944: gcc -o conftest -pipe -O2    conftest.c  1>&5
configure:5944: $? = 0
configure:5944: result: yes
configure:5944: checking for random
configure:5944: gcc -o conftest -pipe -O2    conftest.c  1>&5
configure:5944: $? = 0
configure:5944: result: yes
configure:5944: checking for regcomp
configure:5944: gcc -o conftest -pipe -O2    conftest.c  1>&5
configure:5944: $? = 0
configure:5944: result: yes
configure:5944: checking for select
configure:5944: gcc -o conftest -pipe -O2    conftest.c  1>&5
configure:5944: $? = 0
configure:5944: result: yes
configure:5944: checking for setlocale
configure:5944: gcc -o conftest -pipe -O2    conftest.c  1>&5
configure:5944: $? = 0
configure:5944: result: yes
configure:5944: checking for shutdown
configure:5944: gcc -o conftest -pipe -O2    conftest.c  1>&5
configure:5944: $? = 0
configure:5944: result: yes
configure:5944: checking for snprintf
configure:5944: gcc -o conftest -pipe -O2    conftest.c  1>&5
conftest.c:94:6: warning: incompatible redeclaration of library function 'snprintf' [-Wincompatible-library-redeclaration]
char snprintf ();
     ^
conftest.c:94:6: note: 'snprintf' is a builtin with type 'int (char *, unsigned long, const char *, ...)'
1 warning generated.
configure:5944: $? = 0
configure:5944: result: yes
configure:5944: checking for socket
configure:5944: gcc -o conftest -pipe -O2    conftest.c  1>&5
configure:5944: $? = 0
configure:5944: result: yes
configure:5944: checking for strchr
configure:5944: gcc -o conftest -pipe -O2    conftest.c  1>&5
conftest.c:96:6: warning: incompatible redeclaration of library function 'strchr' [-Wincompatible-library-redeclaration]
char strchr ();
     ^
conftest.c:96:6: note: 'strchr' is a builtin with type 'char *(const char *, int)'
1 warning generated.
configure:5944: $? = 0
configure:5944: result: yes
configure:5944: checking for strdup
configure:5944: gcc -o conftest -pipe -O2    conftest.c  1>&5
conftest.c:97:6: warning: incompatible redeclaration of library function 'strdup' [-Wincompatible-library-redeclaration]
char strdup ();
     ^
conftest.c:97:6: note: 'strdup' is a builtin with type 'char *(const char *)'
1 warning generated.
configure:5944: $? = 0
configure:5944: result: yes
configure:5944: checking for strerror
configure:5944: gcc -o conftest -pipe -O2    conftest.c  1>&5
conftest.c:98:6: warning: incompatible redeclaration of library function 'strerror' [-Wincompatible-library-redeclaration]
char strerror ();
     ^
conftest.c:98:6: note: 'strerror' is a builtin with type 'char *(int)'
1 warning generated.
configure:5944: $? = 0
configure:5944: result: yes
configure:5944: checking for strftime
configure:5944: gcc -o conftest -pipe -O2    conftest.c  1>&5
configure:5944: $? = 0
configure:5944: result: yes
configure:5944: checking for strlcat
configure:5944: gcc -o conftest -pipe -O2    conftest.c  1>&5
conftest.c:100:6: warning: incompatible redeclaration of library function 'strlcat' [-Wincompatible-library-redeclaration]
char strlcat ();
     ^
conftest.c:100:6: note: 'strlcat' is a builtin with type 'unsigned long (char *, const char *, unsigned long)'
1 warning generated.
configure:5944: $? = 0
configure:5944: result: yes
configure:5944: checking for strlcpy
configure:5944: gcc -o conftest -pipe -O2    conftest.c  1>&5
conftest.c:101:6: warning: incompatible redeclaration of library function 'strlcpy' [-Wincompatible-library-redeclaration]
char strlcpy ();
     ^
conftest.c:101:6: note: 'strlcpy' is a builtin with type 'unsigned long (char *, const char *, unsigned long)'
1 warning generated.
configure:5944: $? = 0
configure:5944: result: yes
configure:5944: checking for strptime
configure:5944: gcc -o conftest -pipe -O2    conftest.c  1>&5
configure:5944: $? = 0
configure:5944: result: yes
configure:5944: checking for strtoul
configure:5944: gcc -o conftest -pipe -O2    conftest.c  1>&5
configure:5944: $? = 0
configure:5944: result: yes
configure:5944: checking for timegm
configure:5944: gcc -o conftest -pipe -O2    conftest.c  1>&5
configure:5944: $? = 0
configure:5944: result: yes
configure:5944: checking for tzset
configure:5944: gcc -o conftest -pipe -O2    conftest.c  1>&5
configure:5944: $? = 0
configure:5944: result: yes
configure:6068: checking for getaddrinfo
configure:6068: gcc -o conftest -pipe -O2    conftest.c  1>&5
configure:6068: $? = 0
configure:6068: result: yes
configure:6070: checking for getnameinfo
configure:6070: gcc -o conftest -pipe -O2    conftest.c  1>&5
configure:6070: $? = 0
configure:6070: result: yes
configure:6083: checking for pcre_compile in -lpcre
configure:6108: gcc -o conftest -pipe -O2    conftest.c -lpcre   1>&5
configure:6108: $? = 0
configure:6117: result: yes
configure:6121: checking pcre.h usability
configure:6121: gcc -c -pipe -O2   conftest.c 1>&5
configure:6121: $? = 0
configure:6121: result: yes
configure:6121: checking pcre.h presence
configure:6121: gcc -E  -Dunix conftest.c
configure:6121: $? = 0
configure:6121: result: yes
configure:6121: checking for pcre.h
configure:6121: result: yes
configure:6175: checking for regcomp in -lpcreposix
configure:6200: gcc -o conftest -pipe -O2    conftest.c -lpcreposix -lpcre  1>&5
configure:6200: $? = 0
configure:6209: result: yes
configure:6213: checking pcreposix.h usability
configure:6213: gcc -c -pipe -O2   conftest.c 1>&5
configure:6213: $? = 0
configure:6213: result: yes
configure:6213: checking pcreposix.h presence
configure:6213: gcc -E  -Dunix conftest.c
configure:6213: $? = 0
configure:6213: result: yes
configure:6213: checking for pcreposix.h
configure:6213: result: yes
configure:6467: checking for zlibVersion in -lz
configure:6492: gcc -o conftest -pipe -O2    conftest.c -lz   1>&5
configure:6492: $? = 0
configure:6501: result: yes
configure:6708: creating ./config.status

## ---------------------- ##
## Running config.status. ##
## ---------------------- ##

This file was extended by config.status, which was
generated by GNU Autoconf 2.69.  Invocation command line was

  CONFIG_FILES    = 
  CONFIG_HEADERS  = 
  CONFIG_LINKS    = 
  CONFIG_COMMANDS = 
  $ ./config.status 

on 7MBP.local

config.status:921: creating GNUmakefile
config.status:921: creating doc/source/ldp.dsl
config.status:921: creating config.h
config.status:1096: config.h is unchanged

## ---------------- ##
## Cache variables. ##
## ---------------- ##

ac_cv_build=x86_64-apple-darwin17.3.0
ac_cv_c_compiler_gnu=yes
ac_cv_c_const=yes
ac_cv_env_CC_set=
ac_cv_env_CC_value=
ac_cv_env_CFLAGS_set=
ac_cv_env_CFLAGS_value=
ac_cv_env_CPPFLAGS_set=
ac_cv_env_CPPFLAGS_value=
ac_cv_env_CPP_set=
ac_cv_env_CPP_value=
ac_cv_env_LDFLAGS_set=
ac_cv_env_LDFLAGS_value=
ac_cv_env_LIBS_set=
ac_cv_env_LIBS_value=
ac_cv_env_build_alias_set=
ac_cv_env_build_alias_value=
ac_cv_env_host_alias_set=
ac_cv_env_host_alias_value=
ac_cv_env_target_alias_set=
ac_cv_env_target_alias_value=
ac_cv_func_access=yes
ac_cv_func_atexit=yes
ac_cv_func_bcopy=yes
ac_cv_func_getaddrinfo=yes
ac_cv_func_getcwd=yes
ac_cv_func_gethostbyaddr=yes
ac_cv_func_gethostbyaddr_r=no
ac_cv_func_gethostbyname=yes
ac_cv_func_gethostbyname_r=no
ac_cv_func_getnameinfo=yes
ac_cv_func_gettimeofday=yes
ac_cv_func_gmtime_r=yes
ac_cv_func_inet_ntoa=yes
ac_cv_func_localtime_r=yes
ac_cv_func_memchr=yes
ac_cv_func_memmove=yes
ac_cv_func_memset=yes
ac_cv_func_poll=yes
ac_cv_func_putenv=yes
ac_cv_func_random=yes
ac_cv_func_regcomp=yes
ac_cv_func_select=yes
ac_cv_func_setlocale=yes
ac_cv_func_shutdown=yes
ac_cv_func_snprintf=yes
ac_cv_func_socket=yes
ac_cv_func_strchr=yes
ac_cv_func_strdup=yes
ac_cv_func_strerror=yes
ac_cv_func_strftime=yes
ac_cv_func_strlcat=yes
ac_cv_func_strlcpy=yes
ac_cv_func_strptime=yes
ac_cv_func_strtoul=yes
ac_cv_func_timegm=yes
ac_cv_func_tzset=yes
ac_cv_header_OS_h=no
ac_cv_header_arpa_inet_h=yes
ac_cv_header_dirent_dirent_h=yes
ac_cv_header_errno_h=yes
ac_cv_header_fcntl_h=yes
ac_cv_header_inttypes_h=yes
ac_cv_header_limits_h=yes
ac_cv_header_locale_h=yes
ac_cv_header_memory_h=yes
ac_cv_header_netdb_h=yes
ac_cv_header_netinet_in_h=yes
ac_cv_header_pcre_h=yes
ac_cv_header_pcreposix_h=yes
ac_cv_header_pthread_h=yes
ac_cv_header_stdc=yes
ac_cv_header_stddef_h=yes
ac_cv_header_stdint_h=yes
ac_cv_header_stdlib_h=yes
ac_cv_header_string_h=yes
ac_cv_header_strings_h=yes
ac_cv_header_sys_ioctl_h=yes
ac_cv_header_sys_socket_h=yes
ac_cv_header_sys_stat_h=yes
ac_cv_header_sys_time_h=yes
ac_cv_header_sys_timeb_h=yes
ac_cv_header_sys_types_h=yes
ac_cv_header_sys_wait_h=yes
ac_cv_header_time=yes
ac_cv_header_unistd_h=yes
ac_cv_host=x86_64-apple-darwin17.3.0
ac_cv_lib_nsl_gethostbyname=no
ac_cv_lib_pcre_pcre_compile=yes
ac_cv_lib_pcreposix_regcomp=yes
ac_cv_lib_z_zlibVersion=yes
ac_cv_objext=o
ac_cv_path_BGROUPS=/usr/bin/groups
ac_cv_path_EGREP='/usr/bin/grep -E'
ac_cv_path_GREP=/usr/bin/grep
ac_cv_path_ID=/usr/bin/id
ac_cv_path_install='/usr/local/bin/ginstall -c'
ac_cv_prog_AWK=awk
ac_cv_prog_CPP='gcc -E'
ac_cv_prog_GDB=yes
ac_cv_prog_JADEBIN=jade
ac_cv_prog_ac_ct_CC=gcc
ac_cv_prog_cc_c89=
ac_cv_prog_cc_g=yes
ac_cv_prog_gcc_traditional=no
ac_cv_prog_make_make_set=yes
ac_cv_search_opendir='none required'
ac_cv_sizeof_char_p=8
ac_cv_sizeof_int=4
ac_cv_sizeof_long=8
ac_cv_sizeof_long_long=8
ac_cv_sizeof_size_t=8
ac_cv_sizeof_time_t=8
ac_cv_struct_tm=time.h
ac_cv_type_pid_t=yes
ac_cv_type_signal=void
ac_cv_type_size_t=yes

## ----------------- ##
## Output variables. ##
## ----------------- ##

AMIGAOS_ONLY='#'
AWK='awk'
BGROUPS='/usr/bin/groups'
CC='gcc'
CFLAGS='-pipe -O2'
CODE_STATUS='stable'
CPP='gcc -E'
CPPFLAGS=''
DB2HTML='false'
DEFS='-DHAVE_CONFIG_H'
DKPREFIX='none'
DOC_STATUS='p-stable'
ECHO_C='\c'
ECHO_N=''
ECHO_T=''
EGREP='/usr/bin/grep -E'
EXEEXT=''
FEATURE_CLIENT_TAGS_ONLY=''
GDB='yes'
GREP='/usr/bin/grep'
GROUP=''
ID='/usr/bin/id'
INSTALL_DATA='${INSTALL} -m 644'
INSTALL_PROGRAM='${INSTALL}'
INSTALL_SCRIPT='${INSTALL}'
JADEBIN='jade'
JADECAT=''
LDFLAGS=''
LIBOBJS=''
LIBS=' -lz -lpcre -lpcreposix'
LN_S='ln -s'
LTLIBOBJS=''
MAN2HTML='false'
OBJEXT='o'
PACKAGE_BUGREPORT=''
PACKAGE_NAME=''
PACKAGE_STRING=''
PACKAGE_TARNAME=''
PACKAGE_URL=''
PACKAGE_VERSION=''
PATH_SEPARATOR=':'
PTHREAD_LIB=''
PTHREAD_ONLY=''
RPMBIN='false'
RPM_BASE=''
SET_MAKE=''
SHELL='/bin/sh'
SOCKET_LIB=''
SPECIAL_CFLAGS='-Dunix'
STATIC_PCRE_ONLY='#'
STATIC_PCRS_ONLY=''
USER=''
VERSION_MAJOR='3'
VERSION_MINOR='0'
VERSION_POINT='26'
W3M=''
WIN_ONLY='#'
ac_ct_CC='gcc'
bindir='${exec_prefix}/bin'
build='x86_64-apple-darwin17.3.0'
build_alias=''
build_cpu='x86_64'
build_os='darwin17.3.0'
build_vendor='apple'
datadir='${datarootdir}'
datarootdir='${prefix}/share'
docdir='${datarootdir}/doc/${PACKAGE}'
dvidir='${docdir}'
exec_prefix='${prefix}'
host='x86_64-apple-darwin17.3.0'
host_alias=''
host_cpu='x86_64'
host_os='darwin17.3.0'
host_vendor='apple'
htmldir='${docdir}'
includedir='${prefix}/include'
infodir='${datarootdir}/info'
libdir='${exec_prefix}/lib'
libexecdir='${exec_prefix}/libexec'
localedir='${datarootdir}/locale'
localstatedir='${prefix}/var'
mandir='${datarootdir}/man'
oldincludedir='/usr/include'
pdfdir='${docdir}'
prefix='/usr/local'
program_transform_name='s,x,x,'
psdir='${docdir}'
sbindir='${exec_prefix}/sbin'
sharedstatedir='${prefix}/com'
sysconfdir='${prefix}/etc'
target_alias=''

## ----------- ##
## confdefs.h. ##
## ----------- ##

/* confdefs.h */
#define PACKAGE_NAME ""
#define PACKAGE_TARNAME ""
#define PACKAGE_VERSION ""
#define PACKAGE_STRING ""
#define PACKAGE_BUGREPORT ""
#define PACKAGE_URL ""
#define VERSION_MAJOR 3
#define VERSION_MINOR 0
#define VERSION_POINT 26
#define VERSION "3.0.26"
#define CODE_STATUS "stable"
#define STDC_HEADERS 1
#define HAVE_SYS_TYPES_H 1
#define HAVE_SYS_STAT_H 1
#define HAVE_STDLIB_H 1
#define HAVE_STRING_H 1
#define HAVE_MEMORY_H 1
#define HAVE_STRINGS_H 1
#define HAVE_INTTYPES_H 1
#define HAVE_STDINT_H 1
#define HAVE_UNISTD_H 1
#define FEATURE_PTHREAD 1
#define HAVE_GMTIME_R 1
#define HAVE_LOCALTIME_R 1
#define STDC_HEADERS 1
#define HAVE_DIRENT_H 1
#define TIME_WITH_SYS_TIME 1
#define SIZEOF_INT 4
#define SIZEOF_CHAR_P 8
#define SIZEOF_LONG 8
#define SIZEOF_LONG_LONG 8
#define SIZEOF_SIZE_T 8
#define SIZEOF_TIME_T 8
#define HAVE_ARPA_INET_H 1
#define HAVE_ERRNO_H 1
#define HAVE_FCNTL_H 1
#define HAVE_LIMITS_H 1
#define HAVE_LOCALE_H 1
#define HAVE_NETDB_H 1
#define HAVE_NETINET_IN_H 1
#define HAVE_STDDEF_H 1
#define HAVE_STDLIB_H 1
#define HAVE_STRING_H 1
#define HAVE_SYS_IOCTL_H 1
#define HAVE_SYS_SOCKET_H 1
#define HAVE_SYS_TIME_H 1
#define HAVE_SYS_TIMEB_H 1
#define HAVE_SYS_WAIT_H 1
#define HAVE_UNISTD_H 1
#define HAVE_BCOPY 1
#define RETSIGTYPE void
#define HAVE_ACCESS 1
#define HAVE_ATEXIT 1
#define HAVE_GETCWD 1
#define HAVE_GETHOSTBYADDR 1
#define HAVE_GETHOSTBYNAME 1
#define HAVE_GETTIMEOFDAY 1
#define HAVE_INET_NTOA 1
#define HAVE_MEMCHR 1
#define HAVE_MEMMOVE 1
#define HAVE_MEMSET 1
#define HAVE_POLL 1
#define HAVE_PUTENV 1
#define HAVE_RANDOM 1
#define HAVE_REGCOMP 1
#define HAVE_SELECT 1
#define HAVE_SETLOCALE 1
#define HAVE_SHUTDOWN 1
#define HAVE_SNPRINTF 1
#define HAVE_SOCKET 1
#define HAVE_STRCHR 1
#define HAVE_STRDUP 1
#define HAVE_STRERROR 1
#define HAVE_STRFTIME 1
#define HAVE_STRLCAT 1
#define HAVE_STRLCPY 1
#define HAVE_STRPTIME 1
#define HAVE_STRTOUL 1
#define HAVE_TIMEGM 1
#define HAVE_TZSET 1
#define HAVE_RFC2553 1
#define __MT__ 1
#define FEATURE_TOGGLE 1
#define FEATURE_FORCE_LOAD 1
#define FEATURE_FAST_REDIRECTS 1
#define FEATURE_STATISTICS 1
#define FEATURE_IMAGE_BLOCKING 1
#define FEATURE_ACL 1
#define FEATURE_TRUST 1
#define FEATURE_CGI_EDIT_ACTIONS 1
#define FEATURE_CLIENT_TAGS 1
#define FEATURE_ZLIB 1
#define FEATURE_DYNAMIC_PCRE 1
#define FEATURE_CONNECTION_KEEP_ALIVE 1
#define FEATURE_CONNECTION_SHARING 1
#define STATIC_PCRS 1

configure: exit 0
